Removed Pin From Net: NetName=NetC6_1 Pin=J1-3
Removed Pin From Net: NetName=NetC4_1 Pin=J1-5
Removed Pin From Net: NetName=NetC3_1 Pin=P1-1
Removed Pin From Net: NetName=NetC5_1 Pin=P1-5
Removed Pin From Net: NetName=NetC6_1 Pin=P2-2
Removed Pin From Net: NetName=NetC2_1 Pin=P2-4
Removed Pin From Net: NetName=NetC3_1 Pin=R1-1
Removed Pin From Net: NetName=NetC5_1 Pin=R3-1
Removed Pin From Net: NetName=NetC6_1 Pin=R4-1
Removed Pin From Net: NetName=NetC2_1 Pin=R5-1
Added Pin To Net: NetName=NetC4_1 Pin=J1-3
Added Pin To Net: NetName=NetC6_1 Pin=J1-5
Added Pin To Net: NetName=NetC5_1 Pin=P1-1
Added Pin To Net: NetName=NetC2_1 Pin=P1-5
Added Pin To Net: NetName=NetC3_1 Pin=P2-2
Added Pin To Net: NetName=NetC6_1 Pin=P2-4
Added Pin To Net: NetName=NetC5_1 Pin=R1-1
Added Pin To Net: NetName=NetC2_1 Pin=R3-1
Added Pin To Net: NetName=NetC3_1 Pin=R4-1
Added Pin To Net: NetName=NetC6_1 Pin=R5-1
